0 silly argv {
0 silly argv   _: [ 'version' ],
0 silly argv   'conventional-commits': true,
0 silly argv   conventionalCommits: true,
0 silly argv   lernaVersion: '4.0.0',
0 silly argv   '$0': '/Users/herman/workspace/2021/yarn-workspace-test2-20210525/node_modules/.bin/lerna'
0 silly argv }
1 notice cli v4.0.0
2 verbose rootPath /Users/herman/workspace/2021/yarn-workspace-test2-20210525
3 info current version 0.0.0
4 silly isAnythingCommitted
5 verbose isAnythingCommitted 1
6 silly getCurrentBranch
7 verbose currentBranch master
8 silly remoteBranchExists
9 silly isBehindUpstream
10 error Error: Command failed with exit code 1: git remote update
10 error fatal: unable to access 'https://github.com/herman7/yarn-workspace-test2-20210525.git/': LibreSSL SSL_connect: SSL_ERROR_SYSCALL in connection to github.com:443
10 error error: Could not fetch origin
10 error Auto packing the repository in background for optimum performance.
10 error See "git help gc" for manual housekeeping.
10 error warning: The last gc run reported the following. Please correct the root cause
10 error and remove .git/gc.log.
10 error Automatic cleanup will not be performed until the file is removed.
10 error
10 error warning: There are too many unreachable loose objects; run 'git prune' to remove them.
10 error
10 error Fetching origin
10 error     at makeError (/Users/herman/workspace/2021/yarn-workspace-test2-20210525/node_modules/execa/lib/error.js:59:11)
10 error     at Function.module.exports.sync (/Users/herman/workspace/2021/yarn-workspace-test2-20210525/node_modules/execa/index.js:186:17)
10 error     at Object.execSync (/Users/herman/workspace/2021/yarn-workspace-test2-20210525/node_modules/@lerna/child-process/index.js:39:16)
10 error     at updateRemote (/Users/herman/workspace/2021/yarn-workspace-test2-20210525/node_modules/@lerna/version/lib/is-behind-upstream.js:34:16)
10 error     at isBehindUpstream (/Users/herman/workspace/2021/yarn-workspace-test2-20210525/node_modules/@lerna/version/lib/is-behind-upstream.js:16:3)
10 error     at VersionCommand.initialize (/Users/herman/workspace/2021/yarn-workspace-test2-20210525/node_modules/@lerna/version/index.js:153:9)
